wandb: Using wandb-core as the SDK backend. Please refer to https://wandb.me/wandb-core for more information.
wandb: Currently logged in as: zi386002 (zi386002-). Use `wandb login --relogin` to force relogin
wandb: Tracking run with wandb version 0.18.1
wandb: Run data is saved locally in /root/VAE/CVAE_practice/wandb/run-20240922_005902-dz084jel
wandb: Run `wandb offline` to turn off syncing.
wandb: Syncing run six_letter
wandb: ⭐️ View project at https://wandb.ai/zi386002-/CVAE_practice
wandb: 🚀 View run at https://wandb.ai/zi386002-/CVAE_practice/runs/dz084jel
/root/VAE/CVAE_practice
Epoch [1/1000], Batch [0], Loss: 6390.4668
Epoch 1, Average loss: 6012.4712
Epoch [2/1000], Batch [0], Loss: 5211.3481
Traceback (most recent call last):
  File "/root/VAE/CVAE_practice/train.py", line 49, in <module>
    train_model(cvae=cvae, train_loader=train_loader,
  File "/root/VAE/CVAE_practice/utils/train_utils.py", line 12, in train_model
    for batch_idx, (data, labels) in enumerate(train_loader):
  File "/root/miniconda3/lib/python3.12/site-packages/torch/utils/data/dataloader.py", line 631, in __next__
    data = self._next_data()
           ^^^^^^^^^^^^^^^^^
  File "/root/miniconda3/lib/python3.12/site-packages/torch/utils/data/dataloader.py", line 675, in _next_data
    data = self._dataset_fetcher.fetch(index)  # may raise StopIteration
           ^^^^^^^^^^^^^^^^^^^^^^^^^^^^^^^^^^
  File "/root/miniconda3/lib/python3.12/site-packages/torch/utils/data/_utils/fetch.py", line 51, in fetch
    data = [self.dataset[idx] for idx in possibly_batched_index]
            ~~~~~~~~~~~~^^^^^
  File "/root/VAE/CVAE_practice/dataset/LetterDataset.py", line 20, in __getitem__
    data = Image.open(img_path).convert('L')  # 转换为灰度图
           ^^^^^^^^^^^^^^^^^^^^^^^^^^^^^^^^^
  File "/root/miniconda3/lib/python3.12/site-packages/PIL/Image.py", line 941, in convert
    self.load()
  File "/root/miniconda3/lib/python3.12/site-packages/PIL/ImageFile.py", line 258, in load
    seek(offset)
KeyboardInterrupt
[1;34mwandb[0m: 🚀 View run [33msix_letter[0m at: [34mhttps://wandb.ai/zi386002-/CVAE_practice/runs/dz084jel[0m
[1;34mwandb[0m: Find logs at: [1;35mwandb/run-20240922_005902-dz084jel/logs[0m
Exception ignored in atexit callback: <bound method Sentry.end_session of <wandb.analytics.sentry.Sentry object at 0x7f8988672d20>>
Traceback (most recent call last):
  File "/root/miniconda3/lib/python3.12/site-packages/wandb/analytics/sentry.py", line 43, in wrapper
    return func(self, *args, **kwargs)
           ^^^^^^^^^^^^^^^^^^^^^^^^^^^
  File "/root/miniconda3/lib/python3.12/site-packages/wandb/analytics/sentry.py", line 179, in end_session
    client.flush()
  File "/root/miniconda3/lib/python3.12/site-packages/sentry_sdk/client.py", line 873, in flush
    self.transport.flush(timeout=timeout, callback=callback)
  File "/root/miniconda3/lib/python3.12/site-packages/sentry_sdk/transport.py", line 601, in flush
    self._worker.flush(timeout, callback)
  File "/root/miniconda3/lib/python3.12/site-packages/sentry_sdk/worker.py", line 99, in flush
    self._wait_flush(timeout, callback)
  File "/root/miniconda3/lib/python3.12/site-packages/sentry_sdk/worker.py", line 109, in _wait_flush
    if not self._timed_queue_join(initial_timeout):
           ^^^^^^^^^^^^^^^^^^^^^^^^^^^^^^^^^^^^^^^
  File "/root/miniconda3/lib/python3.12/site-packages/sentry_sdk/worker.py", line 54, in _timed_queue_join
    queue.all_tasks_done.wait(timeout=delay)
  File "/root/miniconda3/lib/python3.12/threading.py", line 359, in wait
    gotit = waiter.acquire(True, timeout)
            ^^^^^^^^^^^^^^^^^^^^^^^^^^^^^
KeyboardInterrupt: 
wandb: Using wandb-core as the SDK backend. Please refer to https://wandb.me/wandb-core for more information.
wandb: Currently logged in as: zi386002 (zi386002-). Use `wandb login --relogin` to force relogin
wandb: Tracking run with wandb version 0.18.1
wandb: Run data is saved locally in /root/VAE/CVAE_practice/wandb/run-20240922_010049-bfufkr6u
wandb: Run `wandb offline` to turn off syncing.
wandb: Syncing run six_letter
wandb: ⭐️ View project at https://wandb.ai/zi386002-/CVAE_practice
wandb: 🚀 View run at https://wandb.ai/zi386002-/CVAE_practice/runs/bfufkr6u
/root/VAE/CVAE_practice
Epoch [1/1000000], Batch [0], Loss: 6388.9043
Epoch 1, Average loss: 6035.8970
Epoch [2/1000000], Batch [0], Loss: 5137.3604
Epoch 2, Average loss: 4188.6719
Epoch [3/1000000], Batch [0], Loss: 3324.6353
Epoch 3, Average loss: 3235.3549
Epoch [4/1000000], Batch [0], Loss: 3105.2029
Epoch 4, Average loss: 3058.3224
Epoch [5/1000000], Batch [0], Loss: 3001.9851
Epoch 5, Average loss: 2975.4157
Epoch [6/1000000], Batch [0], Loss: 2944.3789
Epoch 6, Average loss: 2937.7572
Epoch [7/1000000], Batch [0], Loss: 2909.7131
Epoch 7, Average loss: 2913.0100
Epoch [8/1000000], Batch [0], Loss: 2897.7656
Epoch 8, Average loss: 2896.8730
Epoch [9/1000000], Batch [0], Loss: 2904.0662
Epoch 9, Average loss: 2881.1995
Epoch [10/1000000], Batch [0], Loss: 2877.6243
Epoch 10, Average loss: 2851.7946
Epoch [11/1000000], Batch [0], Loss: 2834.0007
Epoch 11, Average loss: 2796.7122
Epoch [12/1000000], Batch [0], Loss: 2796.6155
Epoch 12, Average loss: 2753.3884
Epoch [13/1000000], Batch [0], Loss: 2716.6667
Epoch 13, Average loss: 2688.4290
Epoch [14/1000000], Batch [0], Loss: 2665.3933
Epoch 14, Average loss: 2627.3334
Epoch [15/1000000], Batch [0], Loss: 2608.2812
Epoch 15, Average loss: 2564.3002
Epoch [16/1000000], Batch [0], Loss: 2573.2913
Epoch 16, Average loss: 2535.7132
Epoch [17/1000000], Batch [0], Loss: 2557.6326
Epoch 17, Average loss: 2518.9284
Epoch [18/1000000], Batch [0], Loss: 2498.6133
Epoch 18, Average loss: 2488.3499
Epoch [19/1000000], Batch [0], Loss: 2500.4194
Epoch 19, Average loss: 2469.7956
Epoch [20/1000000], Batch [0], Loss: 2495.8540
Epoch 20, Average loss: 2457.7319
Epoch [21/1000000], Batch [0], Loss: 2443.6528
Epoch 21, Average loss: 2434.1220
Epoch [22/1000000], Batch [0], Loss: 2454.5425
Epoch 22, Average loss: 2421.1151
Epoch [23/1000000], Batch [0], Loss: 2426.3030
Epoch 23, Average loss: 2400.0252
Epoch [24/1000000], Batch [0], Loss: 2388.5115
Epoch 24, Average loss: 2382.2277
Epoch [25/1000000], Batch [0], Loss: 2372.9734
Epoch 25, Average loss: 2360.8900
Epoch [26/1000000], Batch [0], Loss: 2348.1299
Epoch 26, Average loss: 2338.3050
Epoch [27/1000000], Batch [0], Loss: 2338.2830
Epoch 27, Average loss: 2313.8452
Epoch [28/1000000], Batch [0], Loss: 2323.0774
Epoch 28, Average loss: 2289.3325
Epoch [29/1000000], Batch [0], Loss: 2286.6018
Epoch 29, Average loss: 2266.6531
Epoch [30/1000000], Batch [0], Loss: 2258.1853
Epoch 30, Average loss: 2244.4293
Epoch [31/1000000], Batch [0], Loss: 2251.8313
Epoch 31, Average loss: 2231.5738
Epoch [32/1000000], Batch [0], Loss: 2243.6025
Epoch 32, Average loss: 2218.5128
Epoch [33/1000000], Batch [0], Loss: 2223.8110
Epoch 33, Average loss: 2209.4948
Epoch [34/1000000], Batch [0], Loss: 2239.6479
Epoch 34, Average loss: 2199.8602
Epoch [35/1000000], Batch [0], Loss: 2215.1831
Epoch 35, Average loss: 2184.9191
Epoch [36/1000000], Batch [0], Loss: 2204.3379
Epoch 36, Average loss: 2170.9243
Epoch [37/1000000], Batch [0], Loss: 2192.9504
Epoch 37, Average loss: 2159.7490
Epoch [38/1000000], Batch [0], Loss: 2166.8843
Epoch 38, Average loss: 2144.1448
Epoch [39/1000000], Batch [0], Loss: 2149.9443
Epoch 39, Average loss: 2115.9982
Epoch [40/1000000], Batch [0], Loss: 2104.0239
Epoch 40, Average loss: 2091.5252
Epoch [41/1000000], Batch [0], Loss: 2090.5083
Epoch 41, Average loss: 2071.3502
Epoch [42/1000000], Batch [0], Loss: 2083.9148
Epoch 42, Average loss: 2054.4232
Epoch [43/1000000], Batch [0], Loss: 2073.3662
Epoch 43, Average loss: 2039.6135
Epoch [44/1000000], Batch [0], Loss: 2059.9045
Epoch 44, Average loss: 2021.7120
Epoch [45/1000000], Batch [0], Loss: 2028.1865
Epoch 45, Average loss: 1994.2077
Epoch [46/1000000], Batch [0], Loss: 1981.9093
Epoch 46, Average loss: 1961.4244
Epoch [47/1000000], Batch [0], Loss: 1928.1514
Epoch 47, Average loss: 1919.7617
Epoch [48/1000000], Batch [0], Loss: 1894.5481
Epoch 48, Average loss: 1889.7171
Epoch [49/1000000], Batch [0], Loss: 1881.1726
Epoch 49, Average loss: 1892.7789
Epoch [50/1000000], Batch [0], Loss: 1897.4685
Epoch 50, Average loss: 1867.4754
Epoch [51/1000000], Batch [0], Loss: 1882.8170
Epoch 51, Average loss: 1846.6763
Epoch [52/1000000], Batch [0], Loss: 1847.6147
Epoch 52, Average loss: 1826.0351
Epoch [53/1000000], Batch [0], Loss: 1829.2966
Epoch 53, Average loss: 1802.9646
Epoch [54/1000000], Batch [0], Loss: 1816.3467
Epoch 54, Average loss: 1783.9341
Epoch [55/1000000], Batch [0], Loss: 1813.2655
Epoch 55, Average loss: 1767.1403
Epoch [56/1000000], Batch [0], Loss: 1779.2570
Epoch 56, Average loss: 1744.1715
Epoch [57/1000000], Batch [0], Loss: 1752.5298
Epoch 57, Average loss: 1721.5240
Epoch [58/1000000], Batch [0], Loss: 1751.6233
Epoch 58, Average loss: 1718.9012
Epoch [59/1000000], Batch [0], Loss: 1744.2954
Epoch 59, Average loss: 1706.7151
Epoch [60/1000000], Batch [0], Loss: 1675.3939
Epoch 60, Average loss: 1648.4798
Epoch [61/1000000], Batch [0], Loss: 1640.0021
Epoch 61, Average loss: 1616.1100
Epoch [62/1000000], Batch [0], Loss: 1607.9656
Epoch 62, Average loss: 1591.2307
Epoch [63/1000000], Batch [0], Loss: 1585.4358
Epoch 63, Average loss: 1571.2183
Epoch [64/1000000], Batch [0], Loss: 1614.4017
Epoch 64, Average loss: 1594.9155
Epoch [65/1000000], Batch [0], Loss: 1569.2444
Epoch 65, Average loss: 1544.0217
Epoch [66/1000000], Batch [0], Loss: 1578.4673
Epoch 66, Average loss: 1520.3649
Epoch [67/1000000], Batch [0], Loss: 1554.8551
Epoch 67, Average loss: 1506.9539
Epoch [68/1000000], Batch [0], Loss: 1546.0764
Epoch 68, Average loss: 1489.9133
Epoch [69/1000000], Batch [0], Loss: 1516.5233
Epoch 69, Average loss: 1460.5894
Epoch [70/1000000], Batch [0], Loss: 1497.1432
Epoch 70, Average loss: 1443.8417
Epoch [71/1000000], Batch [0], Loss: 1460.6931
Epoch 71, Average loss: 1426.6187
Epoch [72/1000000], Batch [0], Loss: 1439.0756
Epoch 72, Average loss: 1408.5408
Epoch [73/1000000], Batch [0], Loss: 1423.8743
Epoch 73, Average loss: 1402.5986
Epoch [74/1000000], Batch [0], Loss: 1382.0740
Epoch 74, Average loss: 1360.7622
Epoch [75/1000000], Batch [0], Loss: 1380.1918
Epoch 75, Average loss: 1349.5215
Epoch [76/1000000], Batch [0], Loss: 1383.6414
Epoch 76, Average loss: 1342.9011
Epoch [77/1000000], Batch [0], Loss: 1382.8279
Epoch 77, Average loss: 1338.2783
Epoch [78/1000000], Batch [0], Loss: 1335.8650
Epoch 78, Average loss: 1312.8731
Epoch [79/1000000], Batch [0], Loss: 1311.9463
Epoch 79, Average loss: 1298.6978
Epoch [80/1000000], Batch [0], Loss: 1311.7273
Epoch 80, Average loss: 1303.9333
Epoch [81/1000000], Batch [0], Loss: 1294.9233
Epoch 81, Average loss: 1265.9757
Epoch [82/1000000], Batch [0], Loss: 1255.8431
Epoch 82, Average loss: 1253.5088
Epoch [83/1000000], Batch [0], Loss: 1285.3527
Epoch 83, Average loss: 1260.8529
Epoch [84/1000000], Batch [0], Loss: 1294.7689
Epoch 84, Average loss: 1258.0999
Epoch [85/1000000], Batch [0], Loss: 1298.1268
Epoch 85, Average loss: 1254.5835
Epoch [86/1000000], Batch [0], Loss: 1308.9136
Epoch 86, Average loss: 1256.8599
Epoch [87/1000000], Batch [0], Loss: 1272.9539
Epoch 87, Average loss: 1229.0424
Epoch [88/1000000], Batch [0], Loss: 1224.6431
Epoch 88, Average loss: 1207.4219
Epoch [89/1000000], Batch [0], Loss: 1206.5540
Epoch 89, Average loss: 1199.5169
Epoch [90/1000000], Batch [0], Loss: 1223.0693
Epoch 90, Average loss: 1201.4088
Epoch [91/1000000], Batch [0], Loss: 1208.7758
Epoch 91, Average loss: 1185.7550
Epoch [92/1000000], Batch [0], Loss: 1174.3491
Epoch 92, Average loss: 1169.6403
Epoch [93/1000000], Batch [0], Loss: 1174.7668
Epoch 93, Average loss: 1174.6598
Epoch [94/1000000], Batch [0], Loss: 1215.0986
Epoch 94, Average loss: 1182.5263
Epoch [95/1000000], Batch [0], Loss: 1167.9487
Epoch 95, Average loss: 1163.2730
Epoch [96/1000000], Batch [0], Loss: 1165.7156
Epoch 96, Average loss: 1154.3881
Epoch [97/1000000], Batch [0], Loss: 1154.5876
Epoch 97, Average loss: 1141.8396
Epoch [98/1000000], Batch [0], Loss: 1161.0475
Epoch 98, Average loss: 1147.7104
Epoch [99/1000000], Batch [0], Loss: 1153.4678
Epoch 99, Average loss: 1141.6206
Epoch [100/1000000], Batch [0], Loss: 1182.5475
Epoch 100, Average loss: 1148.3732
Epoch [101/1000000], Batch [0], Loss: 1221.7338
Epoch 101, Average loss: 1171.2066
Epoch [102/1000000], Batch [0], Loss: 1183.2902
Epoch 102, Average loss: 1139.1672
Epoch [103/1000000], Batch [0], Loss: 1131.4751
Epoch 103, Average loss: 1120.0065
Epoch [104/1000000], Batch [0], Loss: 1115.0945
Epoch 104, Average loss: 1105.4714
Epoch [105/1000000], Batch [0], Loss: 1125.0835
Epoch 105, Average loss: 1100.1889
Epoch [106/1000000], Batch [0], Loss: 1129.3400
Epoch 106, Average loss: 1099.0913
Epoch [107/1000000], Batch [0], Loss: 1136.1837
Epoch 107, Average loss: 1112.1646
Epoch [108/1000000], Batch [0], Loss: 1149.2649
Epoch 108, Average loss: 1110.3759
Epoch [109/1000000], Batch [0], Loss: 1116.3767
Epoch 109, Average loss: 1094.2657
Epoch [110/1000000], Batch [0], Loss: 1108.6218
Epoch 110, Average loss: 1087.5124
Epoch [111/1000000], Batch [0], Loss: 1091.5973
Epoch 111, Average loss: 1072.9465
Epoch [112/1000000], Batch [0], Loss: 1060.6449
Epoch 112, Average loss: 1063.3705
Epoch [113/1000000], Batch [0], Loss: 1079.5197
Epoch 113, Average loss: 1064.6230
Epoch [114/1000000], Batch [0], Loss: 1103.2086
Epoch 114, Average loss: 1085.3553
Epoch [115/1000000], Batch [0], Loss: 1109.7223
Epoch 115, Average loss: 1070.4603
Epoch [116/1000000], Batch [0], Loss: 1075.7281
Epoch 116, Average loss: 1056.9454
Epoch [117/1000000], Batch [0], Loss: 1061.7344
Epoch 117, Average loss: 1050.2283
Epoch [118/1000000], Batch [0], Loss: 1061.4816
Epoch 118, Average loss: 1046.0184
Epoch [119/1000000], Batch [0], Loss: 1061.2736
Epoch 119, Average loss: 1040.4446
Epoch [120/1000000], Batch [0], Loss: 1047.6523
Epoch 120, Average loss: 1034.6636
Epoch [121/1000000], Batch [0], Loss: 1051.5485
Epoch 121, Average loss: 1041.1917
Epoch [122/1000000], Batch [0], Loss: 1059.1324
Epoch 122, Average loss: 1046.6361
Epoch [123/1000000], Batch [0], Loss: 1068.0365
Epoch 123, Average loss: 1039.1969
Epoch [124/1000000], Batch [0], Loss: 1058.7676
Epoch 124, Average loss: 1034.2815
Epoch [125/1000000], Batch [0], Loss: 1069.6525
Epoch 125, Average loss: 1040.3876
Epoch [126/1000000], Batch [0], Loss: 1061.3965
Epoch 126, Average loss: 1035.9697
Epoch [127/1000000], Batch [0], Loss: 1050.9655
Epoch 127, Average loss: 1023.7055
Epoch [128/1000000], Batch [0], Loss: 1049.2239
Epoch 128, Average loss: 1027.1610
Epoch [129/1000000], Batch [0], Loss: 1046.6533
Epoch 129, Average loss: 1023.6464
Epoch [130/1000000], Batch [0], Loss: 1032.8768
Epoch 130, Average loss: 1019.2598
Epoch [131/1000000], Batch [0], Loss: 1023.9989
Epoch 131, Average loss: 1004.8458
Epoch [132/1000000], Batch [0], Loss: 1024.6727
Epoch 132, Average loss: 1006.2618
Epoch [133/1000000], Batch [0], Loss: 1052.0435
Epoch 133, Average loss: 1012.0419
Epoch [134/1000000], Batch [0], Loss: 1060.6743
Epoch 134, Average loss: 1019.5226
Epoch [135/1000000], Batch [0], Loss: 1047.4071
Epoch 135, Average loss: 1010.7663
Epoch [136/1000000], Batch [0], Loss: 1015.1107
Epoch 136, Average loss: 998.3890
Epoch [137/1000000], Batch [0], Loss: 1004.1668
Epoch 137, Average loss: 994.2072
Epoch [138/1000000], Batch [0], Loss: 1007.7628
Epoch 138, Average loss: 997.6120
Epoch [139/1000000], Batch [0], Loss: 996.0159
Epoch 139, Average loss: 983.8939
Epoch [140/1000000], Batch [0], Loss: 992.2906
Epoch 140, Average loss: 973.2963
Epoch [141/1000000], Batch [0], Loss: 997.6108
Epoch 141, Average loss: 971.3429
Epoch [142/1000000], Batch [0], Loss: 987.3978
Epoch 142, Average loss: 970.3910
Epoch [143/1000000], Batch [0], Loss: 997.8536
Epoch 143, Average loss: 972.9381
Epoch [144/1000000], Batch [0], Loss: 1021.0183
Epoch 144, Average loss: 985.6144
Epoch [145/1000000], Batch [0], Loss: 1027.9967
Epoch 145, Average loss: 1000.4643
Epoch [146/1000000], Batch [0], Loss: 994.6058
Epoch 146, Average loss: 976.3592
Epoch [147/1000000], Batch [0], Loss: 966.5811
Epoch 147, Average loss: 957.5619
Epoch [148/1000000], Batch [0], Loss: 952.2240
Epoch 148, Average loss: 956.1658
Epoch [149/1000000], Batch [0], Loss: 973.5735
Epoch 149, Average loss: 953.0968
Epoch [150/1000000], Batch [0], Loss: 977.0182
Epoch 150, Average loss: 958.0488
Epoch [151/1000000], Batch [0], Loss: 987.2162
Epoch 151, Average loss: 958.4152
Epoch [152/1000000], Batch [0], Loss: 963.2386
Epoch 152, Average loss: 950.1312
Epoch [153/1000000], Batch [0], Loss: 970.0471
Epoch 153, Average loss: 961.6590
Epoch [154/1000000], Batch [0], Loss: 989.1447
Epoch 154, Average loss: 963.8772
Epoch [155/1000000], Batch [0], Loss: 1006.1262
Epoch 155, Average loss: 968.9848
Epoch [156/1000000], Batch [0], Loss: 1013.0479
Epoch 156, Average loss: 965.2384
Epoch [157/1000000], Batch [0], Loss: 958.7753
Epoch 157, Average loss: 940.5443
Epoch [158/1000000], Batch [0], Loss: 947.1427
Epoch 158, Average loss: 934.8575
Epoch [159/1000000], Batch [0], Loss: 942.9600
Epoch 159, Average loss: 929.2219
Epoch [160/1000000], Batch [0], Loss: 937.8825
Epoch 160, Average loss: 924.4993
Epoch [161/1000000], Batch [0], Loss: 925.9586
Epoch 161, Average loss: 921.8562
Epoch [162/1000000], Batch [0], Loss: 928.1914
Epoch 162, Average loss: 920.5844
Epoch [163/1000000], Batch [0], Loss: 948.9127
Epoch 163, Average loss: 917.5593
Epoch [164/1000000], Batch [0], Loss: 937.1422
Epoch 164, Average loss: 918.2608
Epoch [165/1000000], Batch [0], Loss: 941.2981
Epoch 165, Average loss: 930.3774
Epoch [166/1000000], Batch [0], Loss: 1017.0558
Epoch 166, Average loss: 983.5390
Epoch [167/1000000], Batch [0], Loss: 979.4615
Epoch 167, Average loss: 962.2606
Epoch [168/1000000], Batch [0], Loss: 1030.9456
Epoch 168, Average loss: 976.1120
Epoch [169/1000000], Batch [0], Loss: 1117.6088
Epoch 169, Average loss: 1030.2463
Epoch [170/1000000], Batch [0], Loss: 972.9445
Epoch 170, Average loss: 948.8865
Epoch [171/1000000], Batch [0], Loss: 933.8546
Epoch 171, Average loss: 926.7332
Epoch [172/1000000], Batch [0], Loss: 941.8978
Epoch 172, Average loss: 925.0186
Epoch [173/1000000], Batch [0], Loss: 946.2015
Epoch 173, Average loss: 917.7519
Epoch [174/1000000], Batch [0], Loss: 924.9991
Epoch 174, Average loss: 908.8655
Epoch [175/1000000], Batch [0], Loss: 941.2950
Epoch 175, Average loss: 906.5297
Epoch [176/1000000], Batch [0], Loss: 944.8990
Epoch 176, Average loss: 908.9720
Epoch [177/1000000], Batch [0], Loss: 945.7445
Epoch 177, Average loss: 914.7297
Epoch [178/1000000], Batch [0], Loss: 937.4352
Epoch 178, Average loss: 911.6012
Epoch [179/1000000], Batch [0], Loss: 934.6505
Epoch 179, Average loss: 907.1475
Epoch [180/1000000], Batch [0], Loss: 925.1866
Epoch 180, Average loss: 896.3016
Epoch [181/1000000], Batch [0], Loss: 899.1522
Epoch 181, Average loss: 892.8476
Epoch [182/1000000], Batch [0], Loss: 910.0388
Epoch 182, Average loss: 895.9037
Epoch [183/1000000], Batch [0], Loss: 930.6302
Epoch 183, Average loss: 897.8064
Epoch [184/1000000], Batch [0], Loss: 923.5703
Epoch 184, Average loss: 891.0010
Epoch [185/1000000], Batch [0], Loss: 907.8146
Epoch 185, Average loss: 891.9658
Epoch [186/1000000], Batch [0], Loss: 916.9790
Epoch 186, Average loss: 897.2280
Epoch [187/1000000], Batch [0], Loss: 930.0955
Epoch 187, Average loss: 899.8752
Epoch [188/1000000], Batch [0], Loss: 935.6978
Epoch 188, Average loss: 898.1317
Epoch [189/1000000], Batch [0], Loss: 932.0179
Epoch 189, Average loss: 890.9908
Epoch [190/1000000], Batch [0], Loss: 898.3017
Epoch 190, Average loss: 879.2352
Epoch [191/1000000], Batch [0], Loss: 909.0831
Epoch 191, Average loss: 879.5611
Epoch [192/1000000], Batch [0], Loss: 918.6940
Epoch 192, Average loss: 882.4605
Epoch [193/1000000], Batch [0], Loss: 931.7693
Epoch 193, Average loss: 889.2077
Epoch [194/1000000], Batch [0], Loss: 905.9966
Epoch 194, Average loss: 876.6987
Epoch [195/1000000], Batch [0], Loss: 878.4528
Epoch 195, Average loss: 864.2124
Epoch [196/1000000], Batch [0], Loss: 881.2196
Epoch 196, Average loss: 866.1335
Epoch [197/1000000], Batch [0], Loss: 897.1265
Epoch 197, Average loss: 873.4066
Epoch [198/1000000], Batch [0], Loss: 916.0774
Epoch 198, Average loss: 884.1939
Epoch [199/1000000], Batch [0], Loss: 899.2769
Epoch 199, Average loss: 879.5925
Epoch [200/1000000], Batch [0], Loss: 882.4313
Epoch 200, Average loss: 862.6868
Epoch [201/1000000], Batch [0], Loss: 846.4211
Epoch 201, Average loss: 850.0851
Epoch [202/1000000], Batch [0], Loss: 866.4217
Epoch 202, Average loss: 848.9352
Epoch [203/1000000], Batch [0], Loss: 862.7963
Epoch 203, Average loss: 846.4363
Epoch [204/1000000], Batch [0], Loss: 869.3700
Epoch 204, Average loss: 848.2286
Epoch [205/1000000], Batch [0], Loss: 860.9426
Epoch 205, Average loss: 849.1964
Epoch [206/1000000], Batch [0], Loss: 873.9628
Epoch 206, Average loss: 854.2912
Epoch [207/1000000], Batch [0], Loss: 900.7198
Epoch 207, Average loss: 864.5251
Epoch [208/1000000], Batch [0], Loss: 946.1631
Epoch 208, Average loss: 887.9483
Epoch [209/1000000], Batch [0], Loss: 889.9531
Epoch 209, Average loss: 866.2468
Epoch [210/1000000], Batch [0], Loss: 838.8345
Epoch 210, Average loss: 845.5148
Epoch [211/1000000], Batch [0], Loss: 871.0796
Epoch 211, Average loss: 844.4194
Epoch [212/1000000], Batch [0], Loss: 863.2372
Epoch 212, Average loss: 842.4371
Epoch [213/1000000], Batch [0], Loss: 881.8878
Epoch 213, Average loss: 848.3050
Epoch [214/1000000], Batch [0], Loss: 909.4025
Epoch 214, Average loss: 863.4695
Epoch [215/1000000], Batch [0], Loss: 921.4379
Epoch 215, Average loss: 869.7087
Epoch [216/1000000], Batch [0], Loss: 870.6147
Epoch 216, Average loss: 848.7679
Epoch [217/1000000], Batch [0], Loss: 857.1127
Epoch 217, Average loss: 836.2963
Epoch [218/1000000], Batch [0], Loss: 838.1546
Epoch 218, Average loss: 828.0430
Epoch [219/1000000], Batch [0], Loss: 829.3032
Epoch 219, Average loss: 823.5265
Epoch [220/1000000], Batch [0], Loss: 832.7122
Epoch 220, Average loss: 823.8453
Epoch [221/1000000], Batch [0], Loss: 855.4276
Epoch 221, Average loss: 825.9547
Epoch [222/1000000], Batch [0], Loss: 862.5025
Epoch 222, Average loss: 832.4287
Epoch [223/1000000], Batch [0], Loss: 866.0323
Epoch 223, Average loss: 838.1143
Epoch [224/1000000], Batch [0], Loss: 876.4758
Epoch 224, Average loss: 845.0484
Epoch [225/1000000], Batch [0], Loss: 889.8860
Epoch 225, Average loss: 847.0675
Epoch [226/1000000], Batch [0], Loss: 846.4330
Epoch 226, Average loss: 828.0881
Epoch [227/1000000], Batch [0], Loss: 835.5989
Epoch 227, Average loss: 819.9461
Epoch [228/1000000], Batch [0], Loss: 867.1355
Epoch 228, Average loss: 829.0011
Epoch [229/1000000], Batch [0], Loss: 867.9028
Epoch 229, Average loss: 835.4945
Epoch [230/1000000], Batch [0], Loss: 851.9495
Epoch 230, Average loss: 826.2983
Epoch [231/1000000], Batch [0], Loss: 837.9425
Epoch 231, Average loss: 822.6401
Epoch [232/1000000], Batch [0], Loss: 834.6469
Epoch 232, Average loss: 816.4748
Epoch [233/1000000], Batch [0], Loss: 827.9104
Epoch 233, Average loss: 810.9093
Epoch [234/1000000], Batch [0], Loss: 829.7740
Epoch 234, Average loss: 808.5572
Epoch [235/1000000], Batch [0], Loss: 814.8675
Epoch 235, Average loss: 805.8719
Epoch [236/1000000], Batch [0], Loss: 832.0969
Epoch 236, Average loss: 808.4951
Epoch [237/1000000], Batch [0], Loss: 836.1680
Epoch 237, Average loss: 818.6596
Epoch [238/1000000], Batch [0], Loss: 868.6650
Epoch 238, Average loss: 828.6965
Epoch [239/1000000], Batch [0], Loss: 878.4359
Epoch 239, Average loss: 831.7949
Epoch [240/1000000], Batch [0], Loss: 854.6311
Epoch 240, Average loss: 822.5029
Epoch [241/1000000], Batch [0], Loss: 824.6292
Epoch 241, Average loss: 805.5007
Epoch [242/1000000], Batch [0], Loss: 805.4082
Epoch 242, Average loss: 798.3173
Epoch [243/1000000], Batch [0], Loss: 800.6618
Epoch 243, Average loss: 794.2355
Epoch [244/1000000], Batch [0], Loss: 801.5255
Epoch 244, Average loss: 792.1011
Epoch [245/1000000], Batch [0], Loss: 816.8367
Epoch 245, Average loss: 795.3481
Epoch [246/1000000], Batch [0], Loss: 815.4844
Epoch 246, Average loss: 803.6917
Epoch [247/1000000], Batch [0], Loss: 848.6277
Epoch 247, Average loss: 814.7557
Epoch [248/1000000], Batch [0], Loss: 853.4276
Epoch 248, Average loss: 816.8896
Epoch [249/1000000], Batch [0], Loss: 831.8871
Epoch 249, Average loss: 805.5416
Epoch [250/1000000], Batch [0], Loss: 835.0327
Epoch 250, Average loss: 807.1875
Epoch [251/1000000], Batch [0], Loss: 832.0689
Epoch 251, Average loss: 804.7568
Epoch [252/1000000], Batch [0], Loss: 829.2120
Epoch 252, Average loss: 804.2719
Epoch [253/1000000], Batch [0], Loss: 836.2431
Epoch 253, Average loss: 804.0940
Epoch [254/1000000], Batch [0], Loss: 833.9668
Epoch 254, Average loss: 803.3891
Epoch [255/1000000], Batch [0], Loss: 834.9359
Epoch 255, Average loss: 803.0369
Epoch [256/1000000], Batch [0], Loss: 824.6432
Epoch 256, Average loss: 792.7289
Epoch [257/1000000], Batch [0], Loss: 796.7224
Epoch 257, Average loss: 781.0027
Epoch [258/1000000], Batch [0], Loss: 804.5412
Epoch 258, Average loss: 781.0848
Epoch [259/1000000], Batch [0], Loss: 794.0963
Epoch 259, Average loss: 779.4880
Epoch [260/1000000], Batch [0], Loss: 794.5559
Epoch 260, Average loss: 782.1716
Epoch [261/1000000], Batch [0], Loss: 823.8304
Epoch 261, Average loss: 787.2002
Epoch [262/1000000], Batch [0], Loss: 830.7721
Epoch 262, Average loss: 794.3768
Epoch [263/1000000], Batch [0], Loss: 815.8013
Epoch 263, Average loss: 787.3970
Epoch [264/1000000], Batch [0], Loss: 816.9655
Epoch 264, Average loss: 788.8339
Epoch [265/1000000], Batch [0], Loss: 828.1443
Epoch 265, Average loss: 792.3981
Epoch [266/1000000], Batch [0], Loss: 821.7371
Epoch 266, Average loss: 793.4943
Epoch [267/1000000], Batch [0], Loss: 821.0752
Epoch 267, Average loss: 787.7640
Epoch [268/1000000], Batch [0], Loss: 803.1960
Epoch 268, Average loss: 776.4650
Epoch [269/1000000], Batch [0], Loss: 781.1274
Epoch 269, Average loss: 766.9599
Epoch [270/1000000], Batch [0], Loss: 774.3521
Epoch 270, Average loss: 764.6499
Epoch [271/1000000], Batch [0], Loss: 783.8524
Epoch 271, Average loss: 762.4298
Epoch [272/1000000], Batch [0], Loss: 777.7170
Epoch 272, Average loss: 764.1808
Epoch [273/1000000], Batch [0], Loss: 796.7284
Epoch 273, Average loss: 766.4387
Epoch [274/1000000], Batch [0], Loss: 795.8318
Epoch 274, Average loss: 772.0255
Epoch [275/1000000], Batch [0], Loss: 809.6772
Epoch 275, Average loss: 777.2144
Epoch [276/1000000], Batch [0], Loss: 815.9255
Epoch 276, Average loss: 777.8863
Epoch [277/1000000], Batch [0], Loss: 797.1292
Epoch 277, Average loss: 771.8476
Epoch [278/1000000], Batch [0], Loss: 779.7889
Epoch 278, Average loss: 762.5842
Epoch [279/1000000], Batch [0], Loss: 772.3402
Epoch 279, Average loss: 760.7816
Epoch [280/1000000], Batch [0], Loss: 774.2766
Epoch 280, Average loss: 763.1010
Epoch [281/1000000], Batch [0], Loss: 801.5038
Epoch 281, Average loss: 772.4506
Epoch [282/1000000], Batch [0], Loss: 823.8319
Epoch 282, Average loss: 789.8275
Epoch [283/1000000], Batch [0], Loss: 854.8011
Epoch 283, Average loss: 797.0120
Epoch [284/1000000], Batch [0], Loss: 814.3375
Epoch 284, Average loss: 776.5385
Epoch [285/1000000], Batch [0], Loss: 780.9155
Epoch 285, Average loss: 766.1731
Epoch [286/1000000], Batch [0], Loss: 783.6920
Epoch 286, Average loss: 756.0388
Epoch [287/1000000], Batch [0], Loss: 779.5819
Epoch 287, Average loss: 753.8114
Epoch [288/1000000], Batch [0], Loss: 771.3338
Epoch 288, Average loss: 751.8860
Epoch [289/1000000], Batch [0], Loss: 784.1226
Epoch 289, Average loss: 754.4988
Epoch [290/1000000], Batch [0], Loss: 783.1633
Epoch 290, Average loss: 757.2585
Epoch [291/1000000], Batch [0], Loss: 787.0021
Epoch 291, Average loss: 761.8960
Epoch [292/1000000], Batch [0], Loss: 795.8329
Epoch 292, Average loss: 763.1188
Epoch [293/1000000], Batch [0], Loss: 797.1227
Epoch 293, Average loss: 764.6489
Epoch [294/1000000], Batch [0], Loss: 773.1111
Epoch 294, Average loss: 754.8947
Epoch [295/1000000], Batch [0], Loss: 787.7006
Epoch 295, Average loss: 756.3366
Epoch [296/1000000], Batch [0], Loss: 801.2729
Epoch 296, Average loss: 761.4922
Epoch [297/1000000], Batch [0], Loss: 799.7332
Epoch 297, Average loss: 762.7815
Epoch [298/1000000], Batch [0], Loss: 768.1067
Epoch 298, Average loss: 749.0914
Epoch [299/1000000], Batch [0], Loss: 760.3503
Epoch 299, Average loss: 741.5502
Epoch [300/1000000], Batch [0], Loss: 752.9993
Epoch 300, Average loss: 735.6195
Epoch [301/1000000], Batch [0], Loss: 738.3138
Epoch 301, Average loss: 732.5385
Epoch [302/1000000], Batch [0], Loss: 749.9002
Epoch 302, Average loss: 734.6292
