nohup: ignoring input
wandb: Using wandb-core as the SDK backend. Please refer to https://wandb.me/wandb-core for more information.
wandb: Currently logged in as: zi386002 (zi386002-). Use `wandb login --relogin` to force relogin
wandb: - Waiting for wandb.init()...wandb: \ Waiting for wandb.init()...wandb: Tracking run with wandb version 0.18.1
wandb: Run data is saved locally in /root/VAE/CVAE_practice/wandb/run-20240922_014235-uqxuiv9i
wandb: Run `wandb offline` to turn off syncing.
wandb: Syncing run large_mlp_lr001
wandb: â­ï¸ View project at https://wandb.ai/zi386002-/CVAE_practice
wandb: ðŸš€ View run at https://wandb.ai/zi386002-/CVAE_practice/runs/uqxuiv9i
../aten/src/ATen/native/cuda/Loss.cu:94: operator(): block: [95,0,0], thread: [96,0,0] Assertion `input_val >= zero && input_val <= one` failed.
../aten/src/ATen/native/cuda/Loss.cu:94: operator(): block: [95,0,0], thread: [97,0,0] Assertion `input_val >= zero && input_val <= one` failed.
../aten/src/ATen/native/cuda/Loss.cu:94: operator(): block: [95,0,0], thread: [98,0,0] Assertion `input_val >= zero && input_val <= one` failed.
../aten/src/ATen/native/cuda/Loss.cu:94: operator(): block: [95,0,0], thread: [99,0,0] Assertion `input_val >= zero && input_val <= one` failed.
../aten/src/ATen/native/cuda/Loss.cu:94: operator(): block: [95,0,0], thread: [100,0,0] Assertion `input_val >= zero && input_val <= one` failed.
../aten/src/ATen/native/cuda/Loss.cu:94: operator(): block: [95,0,0], thread: [101,0,0] Assertion `input_val >= zero && input_val <= one` failed.
../aten/src/ATen/native/cuda/Loss.cu:94: operator(): block: [95,0,0], thread: [102,0,0] Assertion `input_val >= zero && input_val <= one` failed.
../aten/src/ATen/native/cuda/Loss.cu:94: operator(): block: [95,0,0], thread: [103,0,0] Assertion `input_val >= zero && input_val <= one` failed.
../aten/src/ATen/native/cuda/Loss.cu:94: operator(): block: [95,0,0], thread: [104,0,0] Assertion `input_val >= zero && input_val <= one` failed.
../aten/src/ATen/native/cuda/Loss.cu:94: operator(): block: [95,0,0], thread: [105,0,0] Assertion `input_val >= zero && input_val <= one` failed.
../aten/src/ATen/native/cuda/Loss.cu:94: operator(): block: [95,0,0], thread: [106,0,0] Assertion `input_val >= zero && input_val <= one` failed.
../aten/src/ATen/native/cuda/Loss.cu:94: operator(): block: [95,0,0], thread: [107,0,0] Assertion `input_val >= zero && input_val <= one` failed.
../aten/src/ATen/native/cuda/Loss.cu:94: operator(): block: [95,0,0], thread: [108,0,0] Assertion `input_val >= zero && input_val <= one` failed.
../aten/src/ATen/native/cuda/Loss.cu:94: operator(): block: [95,0,0], thread: [109,0,0] Assertion `input_val >= zero && input_val <= one` failed.
../aten/src/ATen/native/cuda/Loss.cu:94: operator(): block: [95,0,0], thread: [110,0,0] Assertion `input_val >= zero && input_val <= one` failed.
../aten/src/ATen/native/cuda/Loss.cu:94: operator(): block: [95,0,0], thread: [111,0,0] Assertion `input_val >= zero && input_val <= one` failed.
../aten/src/ATen/native/cuda/Loss.cu:94: operator(): block: [95,0,0], thread: [112,0,0] Assertion `input_val >= zero && input_val <= one` failed.
../aten/src/ATen/native/cuda/Loss.cu:94: operator(): block: [95,0,0], thread: [113,0,0] Assertion `input_val >= zero && input_val <= one` failed.
../aten/src/ATen/native/cuda/Loss.cu:94: operator(): block: [95,0,0], thread: [114,0,0] Assertion `input_val >= zero && input_val <= one` failed.
../aten/src/ATen/native/cuda/Loss.cu:94: operator(): block: [95,0,0], thread: [115,0,0] Assertion `input_val >= zero && input_val <= one` failed.
../aten/src/ATen/native/cuda/Loss.cu:94: operator(): block: [95,0,0], thread: [116,0,0] Assertion `input_val >= zero && input_val <= one` failed.
../aten/src/ATen/native/cuda/Loss.cu:94: operator(): block: [95,0,0], thread: [117,0,0] Assertion `input_val >= zero && input_val <= one` failed.
../aten/src/ATen/native/cuda/Loss.cu:94: operator(): block: [95,0,0], thread: [118,0,0] Assertion `input_val >= zero && input_val <= one` failed.
../aten/src/ATen/native/cuda/Loss.cu:94: operator(): block: [95,0,0], thread: [119,0,0] Assertion `input_val >= zero && input_val <= one` failed.
../aten/src/ATen/native/cuda/Loss.cu:94: operator(): block: [95,0,0], thread: [120,0,0] Assertion `input_val >= zero && input_val <= one` failed.
../aten/src/ATen/native/cuda/Loss.cu:94: operator(): block: [95,0,0], thread: [121,0,0] Assertion `input_val >= zero && input_val <= one` failed.
../aten/src/ATen/native/cuda/Loss.cu:94: operator(): block: [95,0,0], thread: [122,0,0] Assertion `input_val >= zero && input_val <= one` failed.
../aten/src/ATen/native/cuda/Loss.cu:94: operator(): block: [95,0,0], thread: [123,0,0] Assertion `input_val >= zero && input_val <= one` failed.
../aten/src/ATen/native/cuda/Loss.cu:94: operator(): block: [95,0,0], thread: [124,0,0] Assertion `input_val >= zero && input_val <= one` failed.
../aten/src/ATen/native/cuda/Loss.cu:94: operator(): block: [95,0,0], thread: [125,0,0] Assertion `input_val >= zero && input_val <= one` failed.
../aten/src/ATen/native/cuda/Loss.cu:94: operator(): block: [95,0,0], thread: [126,0,0] Assertion `input_val >= zero && input_val <= one` failed.
../aten/src/ATen/native/cuda/Loss.cu:94: operator(): block: [95,0,0], thread: [127,0,0] Assertion `input_val >= zero && input_val <= one` failed.
../aten/src/ATen/native/cuda/Loss.cu:94: operator(): block: [123,0,0], thread: [64,0,0] Assertion `input_val >= zero && input_val <= one` failed.
../aten/src/ATen/native/cuda/Loss.cu:94: operator(): block: [123,0,0], thread: [65,0,0] Assertion `input_val >= zero && input_val <= one` failed.
../aten/src/ATen/native/cuda/Loss.cu:94: operator(): block: [123,0,0], thread: [66,0,0] Assertion `input_val >= zero && input_val <= one` failed.
../aten/src/ATen/native/cuda/Loss.cu:94: operator(): block: [123,0,0], thread: [67,0,0] Assertion `input_val >= zero && input_val <= one` failed.
../aten/src/ATen/native/cuda/Loss.cu:94: operator(): block: [123,0,0], thread: [68,0,0] Assertion `input_val >= zero && input_val <= one` failed.
../aten/src/ATen/native/cuda/Loss.cu:94: operator(): block: [123,0,0], thread: [69,0,0] Assertion `input_val >= zero && input_val <= one` failed.
../aten/src/ATen/native/cuda/Loss.cu:94: operator(): block: [123,0,0], thread: [70,0,0] Assertion `input_val >= zero && input_val <= one` failed.
../aten/src/ATen/native/cuda/Loss.cu:94: operator(): block: [123,0,0], thread: [71,0,0] Assertion `input_val >= zero && input_val <= one` failed.
../aten/src/ATen/native/cuda/Loss.cu:94: operator(): block: [123,0,0], thread: [72,0,0] Assertion `input_val >= zero && input_val <= one` failed.
../aten/src/ATen/native/cuda/Loss.cu:94: operator(): block: [123,0,0], thread: [73,0,0] Assertion `input_val >= zero && input_val <= one` failed.
../aten/src/ATen/native/cuda/Loss.cu:94: operator(): block: [123,0,0], thread: [74,0,0] Assertion `input_val >= zero && input_val <= one` failed.
../aten/src/ATen/native/cuda/Loss.cu:94: operator(): block: [123,0,0], thread: [75,0,0] Assertion `input_val >= zero && input_val <= one` failed.
../aten/src/ATen/native/cuda/Loss.cu:94: operator(): block: [123,0,0], thread: [76,0,0] Assertion `input_val >= zero && input_val <= one` failed.
../aten/src/ATen/native/cuda/Loss.cu:94: operator(): block: [123,0,0], thread: [77,0,0] Assertion `input_val >= zero && input_val <= one` failed.
../aten/src/ATen/native/cuda/Loss.cu:94: operator(): block: [123,0,0], thread: [78,0,0] Assertion `input_val >= zero && input_val <= one` failed.
../aten/src/ATen/native/cuda/Loss.cu:94: operator(): block: [123,0,0], thread: [79,0,0] Assertion `input_val >= zero && input_val <= one` failed.
../aten/src/ATen/native/cuda/Loss.cu:94: operator(): block: [123,0,0], thread: [80,0,0] Assertion `input_val >= zero && input_val <= one` failed.
../aten/src/ATen/native/cuda/Loss.cu:94: operator(): block: [123,0,0], thread: [81,0,0] Assertion `input_val >= zero && input_val <= one` failed.
../aten/src/ATen/native/cuda/Loss.cu:94: operator(): block: [123,0,0], thread: [82,0,0] Assertion `input_val >= zero && input_val <= one` failed.
../aten/src/ATen/native/cuda/Loss.cu:94: operator(): block: [123,0,0], thread: [83,0,0] Assertion `input_val >= zero && input_val <= one` failed.
../aten/src/ATen/native/cuda/Loss.cu:94: operator(): block: [123,0,0], thread: [84,0,0] Assertion `input_val >= zero && input_val <= one` failed.
../aten/src/ATen/native/cuda/Loss.cu:94: operator(): block: [123,0,0], thread: [85,0,0] Assertion `input_val >= zero && input_val <= one` failed.
../aten/src/ATen/native/cuda/Loss.cu:94: operator(): block: [123,0,0], thread: [86,0,0] Assertion `input_val >= zero && input_val <= one` failed.
../aten/src/ATen/native/cuda/Loss.cu:94: operator(): block: [123,0,0], thread: [87,0,0] Assertion `input_val >= zero && input_val <= one` failed.
../aten/src/ATen/native/cuda/Loss.cu:94: operator(): block: [123,0,0], thread: [88,0,0] Assertion `input_val >= zero && input_val <= one` failed.
../aten/src/ATen/native/cuda/Loss.cu:94: operator(): block: [123,0,0], thread: [89,0,0] Assertion `input_val >= zero && input_val <= one` failed.
../aten/src/ATen/native/cuda/Loss.cu:94: operator(): block: [123,0,0], thread: [90,0,0] Assertion `input_val >= zero && input_val <= one` failed.
../aten/src/ATen/native/cuda/Loss.cu:94: operator(): block: [123,0,0], thread: [91,0,0] Assertion `input_val >= zero && input_val <= one` failed.
../aten/src/ATen/native/cuda/Loss.cu:94: operator(): block: [123,0,0], thread: [92,0,0] Assertion `input_val >= zero && input_val <= one` failed.
../aten/src/ATen/native/cuda/Loss.cu:94: operator(): block: [123,0,0], thread: [93,0,0] Assertion `input_val >= zero && input_val <= one` failed.
../aten/src/ATen/native/cuda/Loss.cu:94: operator(): block: [123,0,0], thread: [94,0,0] Assertion `input_val >= zero && input_val <= one` failed.
../aten/src/ATen/native/cuda/Loss.cu:94: operator(): block: [123,0,0], thread: [95,0,0] Assertion `input_val >= zero && input_val <= one` failed.
../aten/src/ATen/native/cuda/Loss.cu:94: operator(): block: [95,0,0], thread: [64,0,0] Assertion `input_val >= zero && input_val <= one` failed.
../aten/src/ATen/native/cuda/Loss.cu:94: operator(): block: [95,0,0], thread: [65,0,0] Assertion `input_val >= zero && input_val <= one` failed.
../aten/src/ATen/native/cuda/Loss.cu:94: operator(): block: [95,0,0], thread: [66,0,0] Assertion `input_val >= zero && input_val <= one` failed.
../aten/src/ATen/native/cuda/Loss.cu:94: operator(): block: [95,0,0], thread: [67,0,0] Assertion `input_val >= zero && input_val <= one` failed.
../aten/src/ATen/native/cuda/Loss.cu:94: operator(): block: [95,0,0], thread: [68,0,0] Assertion `input_val >= zero && input_val <= one` failed.
../aten/src/ATen/native/cuda/Loss.cu:94: operator(): block: [95,0,0], thread: [69,0,0] Assertion `input_val >= zero && input_val <= one` failed.
../aten/src/ATen/native/cuda/Loss.cu:94: operator(): block: [95,0,0], thread: [70,0,0] Assertion `input_val >= zero && input_val <= one` failed.
../aten/src/ATen/native/cuda/Loss.cu:94: operator(): block: [95,0,0], thread: [71,0,0] Assertion `input_val >= zero && input_val <= one` failed.
../aten/src/ATen/native/cuda/Loss.cu:94: operator(): block: [95,0,0], thread: [72,0,0] Assertion `input_val >= zero && input_val <= one` failed.
../aten/src/ATen/native/cuda/Loss.cu:94: operator(): block: [95,0,0], thread: [73,0,0] Assertion `input_val >= zero && input_val <= one` failed.
../aten/src/ATen/native/cuda/Loss.cu:94: operator(): block: [95,0,0], thread: [74,0,0] Assertion `input_val >= zero && input_val <= one` failed.
../aten/src/ATen/native/cuda/Loss.cu:94: operator(): block: [95,0,0], thread: [75,0,0] Assertion `input_val >= zero && input_val <= one` failed.
../aten/src/ATen/native/cuda/Loss.cu:94: operator(): block: [95,0,0], thread: [76,0,0] Assertion `input_val >= zero && input_val <= one` failed.
../aten/src/ATen/native/cuda/Loss.cu:94: operator(): block: [95,0,0], thread: [77,0,0] Assertion `input_val >= zero && input_val <= one` failed.
../aten/src/ATen/native/cuda/Loss.cu:94: operator(): block: [95,0,0], thread: [78,0,0] Assertion `input_val >= zero && input_val <= one` failed.
../aten/src/ATen/native/cuda/Loss.cu:94: operator(): block: [95,0,0], thread: [79,0,0] Assertion `input_val >= zero && input_val <= one` failed.
../aten/src/ATen/native/cuda/Loss.cu:94: operator(): block: [95,0,0], thread: [80,0,0] Assertion `input_val >= zero && input_val <= one` failed.
../aten/src/ATen/native/cuda/Loss.cu:94: operator(): block: [95,0,0], thread: [81,0,0] Assertion `input_val >= zero && input_val <= one` failed.
../aten/src/ATen/native/cuda/Loss.cu:94: operator(): block: [95,0,0], thread: [82,0,0] Assertion `input_val >= zero && input_val <= one` failed.
../aten/src/ATen/native/cuda/Loss.cu:94: operator(): block: [95,0,0], thread: [83,0,0] Assertion `input_val >= zero && input_val <= one` failed.
../aten/src/ATen/native/cuda/Loss.cu:94: operator(): block: [95,0,0], thread: [84,0,0] Assertion `input_val >= zero && input_val <= one` failed.
../aten/src/ATen/native/cuda/Loss.cu:94: operator(): block: [95,0,0], thread: [85,0,0] Assertion `input_val >= zero && input_val <= one` failed.
../aten/src/ATen/native/cuda/Loss.cu:94: operator(): block: [95,0,0], thread: [86,0,0] Assertion `input_val >= zero && input_val <= one` failed.
../aten/src/ATen/native/cuda/Loss.cu:94: operator(): block: [95,0,0], thread: [87,0,0] Assertion `input_val >= zero && input_val <= one` failed.
../aten/src/ATen/native/cuda/Loss.cu:94: operator(): block: [95,0,0], thread: [88,0,0] Assertion `input_val >= zero && input_val <= one` failed.
../aten/src/ATen/native/cuda/Loss.cu:94: operator(): block: [95,0,0], thread: [89,0,0] Assertion `input_val >= zero && input_val <= one` failed.
../aten/src/ATen/native/cuda/Loss.cu:94: operator(): block: [95,0,0], thread: [90,0,0] Assertion `input_val >= zero && input_val <= one` failed.
../aten/src/ATen/native/cuda/Loss.cu:94: operator(): block: [95,0,0], thread: [91,0,0] Assertion `input_val >= zero && input_val <= one` failed.
../aten/src/ATen/native/cuda/Loss.cu:94: operator(): block: [95,0,0], thread: [92,0,0] Assertion `input_val >= zero && input_val <= one` failed.
../aten/src/ATen/native/cuda/Loss.cu:94: operator(): block: [95,0,0], thread: [93,0,0] Assertion `input_val >= zero && input_val <= one` failed.
../aten/src/ATen/native/cuda/Loss.cu:94: operator(): block: [95,0,0], thread: [94,0,0] Assertion `input_val >= zero && input_val <= one` failed.
../aten/src/ATen/native/cuda/Loss.cu:94: operator(): block: [95,0,0], thread: [95,0,0] Assertion `input_val >= zero && input_val <= one` failed.
../aten/src/ATen/native/cuda/Loss.cu:94: operator(): block: [123,0,0], thread: [32,0,0] Assertion `input_val >= zero && input_val <= one` failed.
../aten/src/ATen/native/cuda/Loss.cu:94: operator(): block: [123,0,0], thread: [33,0,0] Assertion `input_val >= zero && input_val <= one` failed.
../aten/src/ATen/native/cuda/Loss.cu:94: operator(): block: [123,0,0], thread: [34,0,0] Assertion `input_val >= zero && input_val <= one` failed.
../aten/src/ATen/native/cuda/Loss.cu:94: operator(): block: [123,0,0], thread: [35,0,0] Assertion `input_val >= zero && input_val <= one` failed.
../aten/src/ATen/native/cuda/Loss.cu:94: operator(): block: [123,0,0], thread: [36,0,0] Assertion `input_val >= zero && input_val <= one` failed.
../aten/src/ATen/native/cuda/Loss.cu:94: operator(): block: [123,0,0], thread: [37,0,0] Assertion `input_val >= zero && input_val <= one` failed.
../aten/src/ATen/native/cuda/Loss.cu:94: operator(): block: [123,0,0], thread: [38,0,0] Assertion `input_val >= zero && input_val <= one` failed.
../aten/src/ATen/native/cuda/Loss.cu:94: operator(): block: [123,0,0], thread: [39,0,0] Assertion `input_val >= zero && input_val <= one` failed.
../aten/src/ATen/native/cuda/Loss.cu:94: operator(): block: [123,0,0], thread: [40,0,0] Assertion `input_val >= zero && input_val <= one` failed.
../aten/src/ATen/native/cuda/Loss.cu:94: operator(): block: [123,0,0], thread: [41,0,0] Assertion `input_val >= zero && input_val <= one` failed.
../aten/src/ATen/native/cuda/Loss.cu:94: operator(): block: [123,0,0], thread: [42,0,0] Assertion `input_val >= zero && input_val <= one` failed.
../aten/src/ATen/native/cuda/Loss.cu:94: operator(): block: [123,0,0], thread: [43,0,0] Assertion `input_val >= zero && input_val <= one` failed.
../aten/src/ATen/native/cuda/Loss.cu:94: operator(): block: [123,0,0], thread: [44,0,0] Assertion `input_val >= zero && input_val <= one` failed.
../aten/src/ATen/native/cuda/Loss.cu:94: operator(): block: [123,0,0], thread: [45,0,0] Assertion `input_val >= zero && input_val <= one` failed.
../aten/src/ATen/native/cuda/Loss.cu:94: operator(): block: [123,0,0], thread: [46,0,0] Assertion `input_val >= zero && input_val <= one` failed.
../aten/src/ATen/native/cuda/Loss.cu:94: operator(): block: [123,0,0], thread: [47,0,0] Assertion `input_val >= zero && input_val <= one` failed.
../aten/src/ATen/native/cuda/Loss.cu:94: operator(): block: [123,0,0], thread: [48,0,0] Assertion `input_val >= zero && input_val <= one` failed.
../aten/src/ATen/native/cuda/Loss.cu:94: operator(): block: [123,0,0], thread: [49,0,0] Assertion `input_val >= zero && input_val <= one` failed.
../aten/src/ATen/native/cuda/Loss.cu:94: operator(): block: [123,0,0], thread: [50,0,0] Assertion `input_val >= zero && input_val <= one` failed.
../aten/src/ATen/native/cuda/Loss.cu:94: operator(): block: [123,0,0], thread: [51,0,0] Assertion `input_val >= zero && input_val <= one` failed.
../aten/src/ATen/native/cuda/Loss.cu:94: operator(): block: [123,0,0], thread: [52,0,0] Assertion `input_val >= zero && input_val <= one` failed.
../aten/src/ATen/native/cuda/Loss.cu:94: operator(): block: [123,0,0], thread: [53,0,0] Assertion `input_val >= zero && input_val <= one` failed.
../aten/src/ATen/native/cuda/Loss.cu:94: operator(): block: [123,0,0], thread: [54,0,0] Assertion `input_val >= zero && input_val <= one` failed.
../aten/src/ATen/native/cuda/Loss.cu:94: operator(): block: [123,0,0], thread: [55,0,0] Assertion `input_val >= zero && input_val <= one` failed.
../aten/src/ATen/native/cuda/Loss.cu:94: operator(): block: [123,0,0], thread: [56,0,0] Assertion `input_val >= zero && input_val <= one` failed.
../aten/src/ATen/native/cuda/Loss.cu:94: operator(): block: [123,0,0], thread: [57,0,0] Assertion `input_val >= zero && input_val <= one` failed.
../aten/src/ATen/native/cuda/Loss.cu:94: operator(): block: [123,0,0], thread: [58,0,0] Assertion `input_val >= zero && input_val <= one` failed.
../aten/src/ATen/native/cuda/Loss.cu:94: operator(): block: [123,0,0], thread: [59,0,0] Assertion `input_val >= zero && input_val <= one` failed.
../aten/src/ATen/native/cuda/Loss.cu:94: operator(): block: [123,0,0], thread: [60,0,0] Assertion `input_val >= zero && input_val <= one` failed.
../aten/src/ATen/native/cuda/Loss.cu:94: operator(): block: [123,0,0], thread: [61,0,0] Assertion `input_val >= zero && input_val <= one` failed.
../aten/src/ATen/native/cuda/Loss.cu:94: operator(): block: [123,0,0], thread: [62,0,0] Assertion `input_val >= zero && input_val <= one` failed.
../aten/src/ATen/native/cuda/Loss.cu:94: operator(): block: [123,0,0], thread: [63,0,0] Assertion `input_val >= zero && input_val <= one` failed.
/root/VAE/CVAE_practice
Epoch [1/1000000], Batch [0], Loss: 6387.4932
Traceback (most recent call last):
  File "/root/VAE/CVAE_practice/train.py", line 49, in <module>
    train_model(cvae=cvae, train_loader=train_loader,
  File "/root/VAE/CVAE_practice/utils/train_utils.py", line 23, in train_model
    train_loss += loss.item()
                  ^^^^^^^^^^^
RuntimeError: CUDA error: device-side assert triggered
CUDA kernel errors might be asynchronously reported at some other API call, so the stacktrace below might be incorrect.
For debugging consider passing CUDA_LAUNCH_BLOCKING=1.
Compile with `TORCH_USE_CUDA_DSA` to enable device-side assertions.

[1;34mwandb[0m: ðŸš€ View run [33mlarge_mlp_lr001[0m at: [34mhttps://wandb.ai/zi386002-/CVAE_practice/runs/uqxuiv9i[0m
[1;34mwandb[0m: Find logs at: [1;35mwandb/run-20240922_014235-uqxuiv9i/logs[0m
